[00:26:06.172][INFO][CraftTweaker-EarlyInit]: CraftTweaker is running on a Minecraft 1.20.1 production server modded with platform Forge
[00:26:06.183][INFO][CraftTweaker-EarlyInit]: Successfully injected RecipeFS file system
[00:26:06.230][INFO][CraftTweaker-Plugins]: Successfully identified and loaded plugin crafttweaker:builtin
[00:26:06.236][INFO][CraftTweaker-Plugins]: Successfully identified and loaded plugin crafttweaker:builtin_forge
[00:26:07.313][INFO][CraftTweaker]: The following mods have explicit CraftTweaker support through the default plugin:
[00:26:07.315][INFO][CraftTweaker]: - 'crafttweaker' at version '14.0.40'
[00:26:10.153][INFO][CraftTweaker-ZenCode]: Started loading scripts for loader 'initialize'
[00:26:10.573][INFO][CraftTweaker-ZenCode]: Compiling and executing scripts
[00:26:10.608][INFO][CraftTweaker-ZenCode]: Successfully initialized modules [crafttweaker, expansions]
[00:26:10.698][INFO][CraftTweaker-ZenCode]: Execution for loader 'initialize' completed successfully
[00:26:15.527][INFO][CraftTweaker-ZenCode]: Started loading scripts for loader 'tags'
[00:26:15.562][INFO][CraftTweaker-ZenCode]: Compiling and executing scripts
[00:26:15.581][INFO][CraftTweaker-ZenCode]: Successfully initialized modules [crafttweaker, expansions]
[00:26:15.595][INFO][CraftTweaker-ZenCode]: Execution for loader 'tags' completed successfully
[00:26:16.309][INFO][CraftTweaker]: crafttweaker.reload.start
[00:26:16.311][INFO][CraftTweaker-ZenCode]: Started loading scripts for loader 'crafttweaker'
[00:26:16.340][INFO][CraftTweaker-ZenCode]: Compiling and executing scripts
[00:26:16.836][INFO][CraftTweaker-ZenCode]: Successfully initialized modules [crafttweaker, expansions]
[00:26:16.852][INFO][CraftTweaker-ZenCode]: Execution for loader 'crafttweaker' completed successfully
[00:26:16.853][INFO][CraftTweaker]: crafttweaker.reload.complete
